\BOOKMARK [1][-]{section.1}{\376\377\000E\000x\000e\000c\000u\000t\000i\000v\000e\000\040\000S\000u\000m\000m\000a\000r\000y}{}% 1
\BOOKMARK [2][-]{subsection.1.1}{\376\377\000P\000l\000a\000t\000f\000o\000r\000m\000\040\000S\000t\000a\000t\000i\000s\000t\000i\000c\000s}{section.1}% 2
\BOOKMARK [1][-]{section.2}{\376\377\000P\000h\000i\000l\000o\000s\000o\000p\000h\000y\000:\000\040\000T\000h\000e\000\040\000F\000o\000u\000r\000\040\000P\000i\000l\000l\000a\000r\000s}{}% 3
\BOOKMARK [2][-]{subsection.2.1}{\376\377\000S\000o\000v\000e\000r\000e\000i\000g\000n\000t\000y}{section.2}% 4
\BOOKMARK [2][-]{subsection.2.2}{\376\377\000S\000i\000m\000p\000l\000i\000c\000i\000t\000y}{section.2}% 5
\BOOKMARK [2][-]{subsection.2.3}{\376\377\000F\000r\000u\000g\000a\000l\000i\000t\000y}{section.2}% 6
\BOOKMARK [2][-]{subsection.2.4}{\376\377\000R\000e\000s\000i\000l\000i\000e\000n\000c\000e}{section.2}% 7
\BOOKMARK [1][-]{section.3}{\376\377\000T\000e\000c\000h\000n\000i\000c\000a\000l\000\040\000A\000r\000c\000h\000i\000t\000e\000c\000t\000u\000r\000e}{}% 8
\BOOKMARK [2][-]{subsection.3.1}{\376\377\000A\000p\000p\000l\000i\000c\000a\000t\000i\000o\000n\000\040\000F\000a\000c\000t\000o\000r\000y\000\040\000P\000a\000t\000t\000e\000r\000n}{section.3}% 9
\BOOKMARK [2][-]{subsection.3.2}{\376\377\000C\000o\000m\000p\000l\000e\000t\000e\000\040\000B\000l\000u\000e\000p\000r\000i\000n\000t\000\040\000R\000e\000g\000i\000s\000t\000r\000y}{section.3}% 10
\BOOKMARK [2][-]{subsection.3.3}{\376\377\000D\000a\000t\000a\000b\000a\000s\000e\000\040\000S\000c\000h\000e\000m\000a\000\040\000O\000v\000e\000r\000v\000i\000e\000w}{section.3}% 11
\BOOKMARK [1][-]{section.4}{\376\377\000I\000d\000e\000n\000t\000i\000t\000y\000\040\000\046\000\040\000A\000c\000c\000e\000s\000s\000\040\000M\000a\000n\000a\000g\000e\000m\000e\000n\000t}{}% 12
\BOOKMARK [2][-]{subsection.4.1}{\376\377\000U\000s\000e\000r\000\040\000M\000o\000d\000e\000l}{section.4}% 13
\BOOKMARK [2][-]{subsection.4.2}{\376\377\000R\000o\000l\000e\000-\000B\000a\000s\000e\000d\000\040\000A\000c\000c\000e\000s\000s\000\040\000C\000o\000n\000t\000r\000o\000l}{section.4}% 14
\BOOKMARK [2][-]{subsection.4.3}{\376\377\000M\000u\000l\000t\000i\000-\000F\000a\000c\000t\000o\000r\000\040\000A\000u\000t\000h\000e\000n\000t\000i\000c\000a\000t\000i\000o\000n}{section.4}% 15
\BOOKMARK [2][-]{subsection.4.4}{\376\377\000O\000A\000u\000t\000h\000\040\000I\000n\000t\000e\000g\000r\000a\000t\000i\000o\000n}{section.4}% 16
\BOOKMARK [2][-]{subsection.4.5}{\376\377\000S\000e\000c\000u\000r\000i\000t\000y\000\040\000F\000e\000a\000t\000u\000r\000e\000s}{section.4}% 17
\BOOKMARK [1][-]{section.5}{\376\377\000E\000-\000C\000o\000m\000m\000e\000r\000c\000e\000\040\000P\000l\000a\000t\000f\000o\000r\000m}{}% 18
\BOOKMARK [2][-]{subsection.5.1}{\376\377\000P\000r\000o\000d\000u\000c\000t\000\040\000M\000a\000n\000a\000g\000e\000m\000e\000n\000t}{section.5}% 19
\BOOKMARK [3][-]{subsubsection.5.1.1}{\376\377\000C\000o\000r\000e\000\040\000P\000r\000o\000d\000u\000c\000t\000\040\000M\000o\000d\000e\000l}{subsection.5.1}% 20
\BOOKMARK [3][-]{subsubsection.5.1.2}{\376\377\000P\000r\000o\000d\000u\000c\000t\000\040\000V\000a\000r\000i\000a\000n\000t\000s}{subsection.5.1}% 21
\BOOKMARK [3][-]{subsubsection.5.1.3}{\376\377\000P\000r\000o\000d\000u\000c\000t\000\040\000A\000t\000t\000r\000i\000b\000u\000t\000e\000s}{subsection.5.1}% 22
\BOOKMARK [3][-]{subsubsection.5.1.4}{\376\377\000P\000r\000o\000d\000u\000c\000t\000\040\000I\000m\000a\000g\000e\000s}{subsection.5.1}% 23
\BOOKMARK [2][-]{subsection.5.2}{\376\377\000C\000o\000l\000l\000e\000c\000t\000i\000o\000n\000s}{section.5}% 24
\BOOKMARK [2][-]{subsection.5.3}{\376\377\000P\000r\000o\000d\000u\000c\000t\000\040\000B\000u\000n\000d\000l\000e\000s}{section.5}% 25
\BOOKMARK [2][-]{subsection.5.4}{\376\377\000D\000i\000s\000c\000o\000u\000n\000t\000\040\000S\000y\000s\000t\000e\000m}{section.5}% 26
\BOOKMARK [3][-]{subsubsection.5.4.1}{\376\377\000D\000i\000s\000c\000o\000u\000n\000t\000\040\000T\000y\000p\000e\000s}{subsection.5.4}% 27
\BOOKMARK [3][-]{subsubsection.5.4.2}{\376\377\000D\000i\000s\000c\000o\000u\000n\000t\000\040\000F\000e\000a\000t\000u\000r\000e\000s}{subsection.5.4}% 28
\BOOKMARK [2][-]{subsection.5.5}{\376\377\000G\000i\000f\000t\000\040\000C\000a\000r\000d\000s}{section.5}% 29
\BOOKMARK [2][-]{subsection.5.6}{\376\377\000S\000h\000i\000p\000p\000i\000n\000g}{section.5}% 30
\BOOKMARK [3][-]{subsubsection.5.6.1}{\376\377\000S\000h\000i\000p\000p\000i\000n\000g\000Z\000o\000n\000e}{subsection.5.6}% 31
\BOOKMARK [3][-]{subsubsection.5.6.2}{\376\377\000S\000h\000i\000p\000p\000i\000n\000g\000R\000a\000t\000e}{subsection.5.6}% 32
\BOOKMARK [2][-]{subsection.5.7}{\376\377\000T\000a\000x}{section.5}% 33
\BOOKMARK [2][-]{subsection.5.8}{\376\377\000O\000r\000d\000e\000r\000s}{section.5}% 34
\BOOKMARK [2][-]{subsection.5.9}{\376\377\000D\000i\000g\000i\000t\000a\000l\000\040\000P\000r\000o\000d\000u\000c\000t\000s}{section.5}% 35
\BOOKMARK [2][-]{subsection.5.10}{\376\377\000S\000u\000b\000s\000c\000r\000i\000p\000t\000i\000o\000n\000s}{section.5}% 36
\BOOKMARK [2][-]{subsection.5.11}{\376\377\000C\000u\000s\000t\000o\000m\000e\000r\000\040\000E\000n\000g\000a\000g\000e\000m\000e\000n\000t}{section.5}% 37
\BOOKMARK [2][-]{subsection.5.12}{\376\377\000R\000e\000v\000i\000e\000w\000s}{section.5}% 38
\BOOKMARK [1][-]{section.6}{\376\377\000S\000c\000h\000e\000d\000u\000l\000i\000n\000g\000\040\000\046\000\040\000C\000a\000l\000e\000n\000d\000a\000r}{}% 39
\BOOKMARK [2][-]{subsection.6.1}{\376\377\000A\000p\000p\000o\000i\000n\000t\000m\000e\000n\000t\000\040\000T\000y\000p\000e\000s}{section.6}% 40
\BOOKMARK [2][-]{subsection.6.2}{\376\377\000S\000t\000a\000f\000f\000\040\000A\000v\000a\000i\000l\000a\000b\000i\000l\000i\000t\000y}{section.6}% 41
\BOOKMARK [2][-]{subsection.6.3}{\376\377\000R\000e\000s\000o\000u\000r\000c\000e\000s}{section.6}% 42
\BOOKMARK [2][-]{subsection.6.4}{\376\377\000W\000a\000i\000t\000l\000i\000s\000t}{section.6}% 43
\BOOKMARK [2][-]{subsection.6.5}{\376\377\000B\000o\000o\000k\000i\000n\000g\000\040\000P\000o\000l\000i\000c\000i\000e\000s}{section.6}% 44
\BOOKMARK [2][-]{subsection.6.6}{\376\377\000G\000r\000o\000u\000p\000\040\000A\000p\000p\000o\000i\000n\000t\000m\000e\000n\000t\000s}{section.6}% 45
\BOOKMARK [2][-]{subsection.6.7}{\376\377\000Q\000R\000\040\000C\000h\000e\000c\000k\000-\000I\000n}{section.6}% 46
\BOOKMARK [2][-]{subsection.6.8}{\376\377\000R\000e\000s\000c\000h\000e\000d\000u\000l\000e\000\040\000W\000o\000r\000k\000f\000l\000o\000w}{section.6}% 47
\BOOKMARK [1][-]{section.7}{\376\377\000C\000R\000M\000\040\000\046\000\040\000L\000e\000a\000d\000\040\000M\000a\000n\000a\000g\000e\000m\000e\000n\000t}{}% 48
\BOOKMARK [2][-]{subsection.7.1}{\376\377\000P\000i\000p\000e\000l\000i\000n\000e\000\040\000S\000t\000a\000g\000e\000s}{section.7}% 49
\BOOKMARK [2][-]{subsection.7.2}{\376\377\000L\000e\000a\000d\000\040\000S\000o\000u\000r\000c\000e\000s}{section.7}% 50
\BOOKMARK [2][-]{subsection.7.3}{\376\377\000L\000e\000a\000d\000\040\000S\000c\000o\000r\000i\000n\000g}{section.7}% 51
\BOOKMARK [2][-]{subsection.7.4}{\376\377\000A\000c\000t\000i\000v\000i\000t\000y\000\040\000T\000i\000m\000e\000l\000i\000n\000e}{section.7}% 52
\BOOKMARK [2][-]{subsection.7.5}{\376\377\000F\000o\000l\000l\000o\000w\000-\000U\000p\000\040\000R\000e\000m\000i\000n\000d\000e\000r\000s}{section.7}% 53
\BOOKMARK [1][-]{section.8}{\376\377\000C\000o\000m\000m\000u\000n\000i\000c\000a\000t\000i\000o\000n\000\040\000H\000u\000b}{}% 54
\BOOKMARK [2][-]{subsection.8.1}{\376\377\000M\000e\000s\000s\000a\000g\000i\000n\000g}{section.8}% 55
\BOOKMARK [2][-]{subsection.8.2}{\376\377\000E\000m\000a\000i\000l\000\040\000M\000a\000r\000k\000e\000t\000i\000n\000g}{section.8}% 56
\BOOKMARK [3][-]{subsubsection.8.2.1}{\376\377\000E\000m\000a\000i\000l\000\040\000T\000e\000m\000p\000l\000a\000t\000e\000s}{subsection.8.2}% 57
\BOOKMARK [3][-]{subsubsection.8.2.2}{\376\377\000A\000u\000d\000i\000e\000n\000c\000e\000s}{subsection.8.2}% 58
\BOOKMARK [3][-]{subsubsection.8.2.3}{\376\377\000E\000m\000a\000i\000l\000\040\000C\000a\000m\000p\000a\000i\000g\000n\000s}{subsection.8.2}% 59
\BOOKMARK [3][-]{subsubsection.8.2.4}{\376\377\000E\000m\000a\000i\000l\000\040\000T\000r\000a\000c\000k\000i\000n\000g}{subsection.8.2}% 60
\BOOKMARK [2][-]{subsection.8.3}{\376\377\000D\000r\000i\000p\000\040\000S\000e\000q\000u\000e\000n\000c\000e\000s}{section.8}% 61
\BOOKMARK [2][-]{subsection.8.4}{\376\377\000P\000u\000s\000h\000\040\000N\000o\000t\000i\000f\000i\000c\000a\000t\000i\000o\000n\000s}{section.8}% 62
\BOOKMARK [2][-]{subsection.8.5}{\376\377\000S\000M\000S}{section.8}% 63
\BOOKMARK [2][-]{subsection.8.6}{\376\377\000S\000u\000p\000p\000r\000e\000s\000s\000i\000o\000n}{section.8}% 64
\BOOKMARK [2][-]{subsection.8.7}{\376\377\000N\000o\000t\000i\000f\000i\000c\000a\000t\000i\000o\000n\000s}{section.8}% 65
\BOOKMARK [1][-]{section.9}{\376\377\000C\000o\000n\000t\000e\000n\000t\000\040\000M\000a\000n\000a\000g\000e\000m\000e\000n\000t\000\040\000S\000y\000s\000t\000e\000m}{}% 66
\BOOKMARK [2][-]{subsection.9.1}{\376\377\000B\000l\000o\000g}{section.9}% 67
\BOOKMARK [3][-]{subsubsection.9.1.1}{\376\377\000P\000o\000s\000t\000s}{subsection.9.1}% 68
\BOOKMARK [3][-]{subsubsection.9.1.2}{\376\377\000C\000a\000t\000e\000g\000o\000r\000i\000e\000s\000\040\000\046\000\040\000T\000a\000g\000s}{subsection.9.1}% 69
\BOOKMARK [3][-]{subsubsection.9.1.3}{\376\377\000S\000e\000r\000i\000e\000s}{subsection.9.1}% 70
\BOOKMARK [3][-]{subsubsection.9.1.4}{\376\377\000C\000o\000m\000m\000e\000n\000t\000s}{subsection.9.1}% 71
\BOOKMARK [3][-]{subsubsection.9.1.5}{\376\377\000R\000e\000v\000i\000s\000i\000o\000n\000s}{subsection.9.1}% 72
\BOOKMARK [3][-]{subsubsection.9.1.6}{\376\377\000A\000n\000a\000l\000y\000t\000i\000c\000s}{subsection.9.1}% 73
\BOOKMARK [2][-]{subsection.9.2}{\376\377\000P\000a\000g\000e\000s}{section.9}% 74
\BOOKMARK [2][-]{subsection.9.3}{\376\377\000M\000e\000d\000i\000a}{section.9}% 75
\BOOKMARK [1][-]{section.10}{\376\377\000F\000o\000r\000m\000s\000\040\000\046\000\040\000D\000a\000t\000a\000\040\000C\000o\000l\000l\000e\000c\000t\000i\000o\000n}{}% 76
\BOOKMARK [2][-]{subsection.10.1}{\376\377\000F\000o\000r\000m\000\040\000D\000e\000f\000i\000n\000i\000t\000i\000o\000n\000s}{section.10}% 77
\BOOKMARK [2][-]{subsection.10.2}{\376\377\000F\000o\000r\000m\000\040\000S\000u\000b\000m\000i\000s\000s\000i\000o\000n\000s}{section.10}% 78
\BOOKMARK [2][-]{subsection.10.3}{\376\377\000F\000o\000r\000m\000\040\000I\000n\000t\000e\000g\000r\000a\000t\000i\000o\000n\000s}{section.10}% 79
\BOOKMARK [2][-]{subsection.10.4}{\376\377\000S\000u\000r\000v\000e\000y\000s}{section.10}% 80
\BOOKMARK [2][-]{subsection.10.5}{\376\377\000S\000u\000r\000v\000e\000y\000\040\000R\000e\000s\000p\000o\000n\000s\000e\000s}{section.10}% 81
\BOOKMARK [1][-]{section.11}{\376\377\000A\000n\000a\000l\000y\000t\000i\000c\000s\000\040\000\046\000\040\000R\000e\000p\000o\000r\000t\000i\000n\000g}{}% 82
\BOOKMARK [2][-]{subsection.11.1}{\376\377\000P\000a\000g\000e\000\040\000T\000r\000a\000c\000k\000i\000n\000g}{section.11}% 83
\BOOKMARK [2][-]{subsection.11.2}{\376\377\000V\000i\000s\000i\000t\000o\000r\000\040\000S\000e\000s\000s\000i\000o\000n\000s}{section.11}% 84
\BOOKMARK [2][-]{subsection.11.3}{\376\377\000C\000o\000n\000v\000e\000r\000s\000i\000o\000n\000\040\000T\000r\000a\000c\000k\000i\000n\000g}{section.11}% 85
\BOOKMARK [2][-]{subsection.11.4}{\376\377\000F\000u\000n\000n\000e\000l\000s}{section.11}% 86
\BOOKMARK [2][-]{subsection.11.5}{\376\377\000R\000e\000p\000o\000r\000t\000\040\000B\000u\000i\000l\000d\000e\000r}{section.11}% 87
\BOOKMARK [1][-]{section.12}{\376\377\000H\000R\000\040\000\046\000\040\000E\000m\000p\000l\000o\000y\000e\000e\000\040\000P\000o\000r\000t\000a\000l}{}% 88
\BOOKMARK [2][-]{subsection.12.1}{\376\377\000L\000e\000a\000v\000e\000\040\000M\000a\000n\000a\000g\000e\000m\000e\000n\000t}{section.12}% 89
\BOOKMARK [2][-]{subsection.12.2}{\376\377\000T\000i\000m\000e\000\040\000T\000r\000a\000c\000k\000i\000n\000g}{section.12}% 90
\BOOKMARK [2][-]{subsection.12.3}{\376\377\000D\000o\000c\000u\000m\000e\000n\000t\000\040\000M\000a\000n\000a\000g\000e\000m\000e\000n\000t}{section.12}% 91
\BOOKMARK [2][-]{subsection.12.4}{\376\377\000E\000m\000p\000l\000o\000y\000e\000e\000\040\000P\000r\000o\000f\000i\000l\000e}{section.12}% 92
\BOOKMARK [1][-]{section.13}{\376\377\000A\000u\000t\000o\000m\000a\000t\000i\000o\000n\000\040\000\046\000\040\000W\000o\000r\000k\000f\000l\000o\000w\000s}{}% 93
\BOOKMARK [2][-]{subsection.13.1}{\376\377\000W\000o\000r\000k\000f\000l\000o\000w\000\040\000E\000n\000g\000i\000n\000e}{section.13}% 94
\BOOKMARK [2][-]{subsection.13.2}{\376\377\000W\000e\000b\000h\000o\000o\000k\000s}{section.13}% 95
\BOOKMARK [2][-]{subsection.13.3}{\376\377\000B\000a\000c\000k\000g\000r\000o\000u\000n\000d\000\040\000T\000a\000s\000k\000s}{section.13}% 96
\BOOKMARK [1][-]{section.14}{\376\377\000S\000e\000c\000u\000r\000i\000t\000y\000\040\000A\000r\000c\000h\000i\000t\000e\000c\000t\000u\000r\000e}{}% 97
\BOOKMARK [2][-]{subsection.14.1}{\376\377\000I\000n\000p\000u\000t\000\040\000V\000a\000l\000i\000d\000a\000t\000i\000o\000n}{section.14}% 98
\BOOKMARK [2][-]{subsection.14.2}{\376\377\000S\000e\000c\000u\000r\000i\000t\000y\000\040\000H\000e\000a\000d\000e\000r\000s}{section.14}% 99
\BOOKMARK [2][-]{subsection.14.3}{\376\377\000C\000S\000R\000F\000\040\000P\000r\000o\000t\000e\000c\000t\000i\000o\000n}{section.14}% 100
\BOOKMARK [2][-]{subsection.14.4}{\376\377\000R\000a\000t\000e\000\040\000L\000i\000m\000i\000t\000i\000n\000g}{section.14}% 101
\BOOKMARK [2][-]{subsection.14.5}{\376\377\000A\000t\000t\000a\000c\000k\000\040\000P\000r\000e\000v\000e\000n\000t\000i\000o\000n}{section.14}% 102
\BOOKMARK [1][-]{section.15}{\376\377\000C\000o\000m\000p\000l\000i\000a\000n\000c\000e\000\040\000\046\000\040\000P\000r\000i\000v\000a\000c\000y}{}% 103
\BOOKMARK [2][-]{subsection.15.1}{\376\377\000G\000D\000P\000R\000\040\000C\000o\000m\000p\000l\000i\000a\000n\000c\000e}{section.15}% 104
\BOOKMARK [2][-]{subsection.15.2}{\376\377\000D\000a\000t\000a\000\040\000R\000e\000t\000e\000n\000t\000i\000o\000n}{section.15}% 105
\BOOKMARK [2][-]{subsection.15.3}{\376\377\000A\000u\000d\000i\000t\000\040\000L\000o\000g\000g\000i\000n\000g}{section.15}% 106
\BOOKMARK [2][-]{subsection.15.4}{\376\377\000A\000c\000c\000e\000s\000s\000i\000b\000i\000l\000i\000t\000y\000\040\000\050\000W\000C\000A\000G\000\040\0002\000.\0001\000\040\000A\000A\000\051}{section.15}% 107
\BOOKMARK [1][-]{section.16}{\376\377\000I\000n\000f\000r\000a\000s\000t\000r\000u\000c\000t\000u\000r\000e\000\040\000\046\000\040\000O\000p\000e\000r\000a\000t\000i\000o\000n\000s}{}% 108
\BOOKMARK [2][-]{subsection.16.1}{\376\377\000B\000a\000c\000k\000u\000p\000\040\000S\000y\000s\000t\000e\000m}{section.16}% 109
\BOOKMARK [2][-]{subsection.16.2}{\376\377\000F\000e\000a\000t\000u\000r\000e\000\040\000F\000l\000a\000g\000s}{section.16}% 110
\BOOKMARK [2][-]{subsection.16.3}{\376\377\000D\000e\000p\000l\000o\000y\000m\000e\000n\000t\000\040\000T\000r\000a\000c\000k\000i\000n\000g}{section.16}% 111
\BOOKMARK [2][-]{subsection.16.4}{\376\377\000O\000b\000s\000e\000r\000v\000a\000b\000i\000l\000i\000t\000y}{section.16}% 112
\BOOKMARK [1][-]{section.17}{\376\377\000R\000e\000a\000c\000t\000\040\000C\000o\000m\000p\000o\000n\000e\000n\000t\000\040\000L\000i\000b\000r\000a\000r\000y}{}% 113
\BOOKMARK [2][-]{subsection.17.1}{\376\377\000A\000d\000m\000i\000n\000\040\000C\000o\000m\000p\000o\000n\000e\000n\000t\000s}{section.17}% 114
\BOOKMARK [2][-]{subsection.17.2}{\376\377\000A\000n\000a\000l\000y\000t\000i\000c\000s}{section.17}% 115
\BOOKMARK [2][-]{subsection.17.3}{\376\377\000B\000o\000o\000k\000i\000n\000g}{section.17}% 116
\BOOKMARK [2][-]{subsection.17.4}{\376\377\000C\000a\000l\000e\000n\000d\000a\000r}{section.17}% 117
\BOOKMARK [2][-]{subsection.17.5}{\376\377\000C\000a\000r\000t\000\040\000\046\000\040\000S\000h\000o\000p}{section.17}% 118
\BOOKMARK [2][-]{subsection.17.6}{\376\377\000C\000h\000a\000r\000t\000s}{section.17}% 119
\BOOKMARK [2][-]{subsection.17.7}{\376\377\000C\000R\000M}{section.17}% 120
\BOOKMARK [2][-]{subsection.17.8}{\376\377\000F\000o\000r\000m\000s}{section.17}% 121
\BOOKMARK [2][-]{subsection.17.9}{\376\377\000M\000e\000s\000s\000a\000g\000i\000n\000g}{section.17}% 122
\BOOKMARK [2][-]{subsection.17.10}{\376\377\000N\000o\000t\000i\000f\000i\000c\000a\000t\000i\000o\000n\000s}{section.17}% 123
\BOOKMARK [2][-]{subsection.17.11}{\376\377\000U\000I\000\040\000C\000o\000m\000p\000o\000n\000e\000n\000t\000s}{section.17}% 124
\BOOKMARK [2][-]{subsection.17.12}{\376\377\000L\000a\000y\000o\000u\000t}{section.17}% 125
\BOOKMARK [1][-]{section.18}{\376\377\000A\000P\000I\000\040\000R\000e\000f\000e\000r\000e\000n\000c\000e}{}% 126
\BOOKMARK [2][-]{subsection.18.1}{\376\377\000A\000u\000t\000h\000e\000n\000t\000i\000c\000a\000t\000i\000o\000n}{section.18}% 127
\BOOKMARK [2][-]{subsection.18.2}{\376\377\000A\000v\000a\000i\000l\000a\000b\000l\000e\000\040\000S\000c\000o\000p\000e\000s}{section.18}% 128
\BOOKMARK [2][-]{subsection.18.3}{\376\377\000C\000o\000r\000e\000\040\000E\000n\000d\000p\000o\000i\000n\000t\000s}{section.18}% 129
\BOOKMARK [1][-]{section.19}{\376\377\000D\000e\000p\000l\000o\000y\000m\000e\000n\000t\000\040\000O\000p\000t\000i\000o\000n\000s}{}% 130
\BOOKMARK [2][-]{subsection.19.1}{\376\377\000S\000o\000v\000e\000r\000e\000i\000g\000n\000\040\000P\000a\000t\000h\000:\000\040\000R\000a\000w\000\040\000V\000P\000S}{section.19}% 131
\BOOKMARK [2][-]{subsection.19.2}{\376\377\000H\000y\000b\000r\000i\000d\000\040\000P\000a\000t\000h\000:\000\040\000P\000a\000a\000S}{section.19}% 132
\BOOKMARK [2][-]{subsection.19.3}{\376\377\000C\000o\000n\000t\000a\000i\000n\000e\000r\000\040\000P\000a\000t\000h\000:\000\040\000D\000o\000c\000k\000e\000r\000/\000K\000u\000b\000e\000r\000n\000e\000t\000e\000s}{section.19}% 133
\BOOKMARK [2][-]{subsection.19.4}{\376\377\000E\000d\000g\000e\000\040\000P\000a\000t\000h\000:\000\040\000O\000n\000-\000P\000r\000e\000m\000i\000s\000e\000s}{section.19}% 134
\BOOKMARK [1][-]{section.20}{\376\377\000E\000c\000o\000n\000o\000m\000i\000c\000\040\000A\000n\000a\000l\000y\000s\000i\000s}{}% 135
\BOOKMARK [2][-]{subsection.20.1}{\376\377\000S\000a\000a\000S\000\040\000S\000t\000a\000c\000k\000\040\000C\000o\000s\000t\000\040\000C\000o\000m\000p\000a\000r\000i\000s\000o\000n}{section.20}% 136
\BOOKMARK [1][-]{section.21}{\376\377\000F\000u\000t\000u\000r\000e\000\040\000R\000o\000a\000d\000m\000a\000p}{}% 137
\BOOKMARK [2][-]{subsection.21.1}{\376\377\000P\000h\000a\000s\000e\000\040\0003\0004\000:\000\040\000M\000o\000b\000i\000l\000e\000\040\000A\000p\000p\000l\000i\000c\000a\000t\000i\000o\000n\000s}{section.21}% 138
\BOOKMARK [2][-]{subsection.21.2}{\376\377\000P\000h\000a\000s\000e\000\040\0003\0005\000:\000\040\000M\000u\000l\000t\000i\000-\000T\000e\000n\000a\000n\000c\000y}{section.21}% 139
\BOOKMARK [2][-]{subsection.21.3}{\376\377\000P\000h\000a\000s\000e\000\040\0003\0006\000:\000\040\000M\000a\000r\000k\000e\000t\000p\000l\000a\000c\000e}{section.21}% 140
\BOOKMARK [2][-]{subsection.21.4}{\376\377\000P\000h\000a\000s\000e\000\040\0003\0007\000:\000\040\000A\000I\000\040\000E\000x\000p\000a\000n\000s\000i\000o\000n}{section.21}% 141
\BOOKMARK [2][-]{subsection.21.5}{\376\377\000P\000h\000a\000s\000e\000\040\0003\0008\000:\000\040\000C\000a\000l\000D\000A\000V\000/\000C\000a\000r\000d\000D\000A\000V}{section.21}% 142
\BOOKMARK [1][-]{section.22}{\376\377\000C\000o\000n\000c\000l\000u\000s\000i\000o\000n}{}% 143
